Build started 8/13/2020 3:56:26 PM.
     1>Project "C:\Users\ADMIN\Documents\Visual Studio 2010\Projects\6306021612023\130863\130863\130863.vcxproj" on node 2 (build target(s)).
     1>InitializeBuildStatus:
         Creating "Debug\130863.unsuccessfulbuild" because "AlwaysCreate" was specified.
       ClCompile:
         C:\Program Files (x86)\Microsoft Visual Studio 10.0\VC\bin\CL.exe /c /ZI /nologo /W3 /WX- /Od /Oy- /D WIN32 /D _DEBUG /D _CONSOLE /D _UNICODE /D UNICODE /Gm /EHsc /RTC1 /MDd /GS /fp:precise /Zc:wchar_t /Zc:forScope /Fo"Debug\\" /Fd"Debug\vc100.pdb" /Gd /TP /analyze- /errorReport:prompt 130863.cpp
         130863.cpp
     1>c:\users\admin\documents\visual studio 2010\projects\6306021612023\130863\130863\130863.cpp(46): warning C4244: 'return' : conversion from 'int' to 'float', possible loss of data
     1>c:\users\admin\documents\visual studio 2010\projects\6306021612023\130863\130863\130863.cpp(54): warning C4244: 'return' : conversion from 'int' to 'float', possible loss of data
     1>c:\users\admin\documents\visual studio 2010\projects\6306021612023\130863\130863\130863.cpp(62): warning C4244: 'return' : conversion from 'int' to 'float', possible loss of data
       ManifestResourceCompile:
         All outputs are up-to-date.
       Link:
         C:\Program Files (x86)\Microsoft Visual Studio 10.0\VC\bin\link.exe /ERRORREPORT:PROMPT /OUT:"C:\Users\ADMIN\Documents\Visual Studio 2010\Projects\6306021612023\130863\Debug\130863.exe" /INCREMENTAL /NOLOGO kernel32.lib user32.lib gdi32.lib winspool.lib comdlg32.lib advapi32.lib shell32.lib ole32.lib oleaut32.lib uuid.lib odbc32.lib odbccp32.lib /MANIFEST /ManifestFile:"Debug\130863.exe.intermediate.manifest" /MANIFESTUAC:"level='asInvoker' uiAccess='false'" /DEBUG /PDB:"C:\Users\ADMIN\Documents\Visual Studio 2010\Projects\6306021612023\130863\Debug\130863.pdb" /SUBSYSTEM:CONSOLE /TLBID:1 /DYNAMICBASE /NXCOMPAT /IMPLIB:"C:\Users\ADMIN\Documents\Visual Studio 2010\Projects\6306021612023\130863\Debug\130863.lib" /MACHINE:X86 Debug\130863.exe.embed.manifest.res
         Debug\130863.obj
       Manifest:
         C:\Program Files (x86)\Microsoft SDKs\Windows\v7.0A\bin\mt.exe /nologo /verbose /out:"Debug\130863.exe.embed.manifest" /manifest Debug\130863.exe.intermediate.manifest
         All outputs are up-to-date.
       LinkEmbedManifest:
         All outputs are up-to-date.
         130863.vcxproj -> C:\Users\ADMIN\Documents\Visual Studio 2010\Projects\6306021612023\130863\Debug\130863.exe
       FinalizeBuildStatus:
         Deleting file "Debug\130863.unsuccessfulbuild".
         Touching "Debug\130863.lastbuildstate".
     1>Done Building Project "C:\Users\ADMIN\Documents\Visual Studio 2010\Projects\6306021612023\130863\130863\130863.vcxproj" (build target(s)).

Build succeeded.

Time Elapsed 00:00:00.84
